1532512749127	addons.update-checker	WARN	onUpdateCheckComplete failed to parse update manifest: [Exception... "Update manifest is missing a required addons property."  nsresult: "0x80004005 (NS_ERROR_FAILURE)"  location: "JS frame :: resource://gre/modules/addons/AddonUpdateChecker.jsm :: getRequiredProperty :: line 474"  data: no] Stack trace: getRequiredProperty()@resource://gre/modules/addons/AddonUpdateChecker.jsm:474 < parseJSONManifest()@resource://gre/modules/addons/AddonUpdateChecker.jsm:484 < UpdateParser.prototype.onLoad/parser()@resource://gre/modules/addons/AddonUpdateChecker.jsm:656 < UpdateParser.prototype.onLoad()@resource://gre/modules/addons/AddonUpdateChecker.jsm:676 < UpdateParser/<()@resource://gre/modules/addons/AddonUpdateChecker.jsm:594
1532512749139	addons.update-checker	WARN	onUpdateCheckComplete failed to parse update manifest: [Exception... "Update manifest is missing a required addons property."  nsresult: "0x80004005 (NS_ERROR_FAILURE)"  location: "JS frame :: resource://gre/modules/addons/AddonUpdateChecker.jsm :: getRequiredProperty :: line 474"  data: no] Stack trace: getRequiredProperty()@resource://gre/modules/addons/AddonUpdateChecker.jsm:474 < parseJSONManifest()@resource://gre/modules/addons/AddonUpdateChecker.jsm:484 < UpdateParser.prototype.onLoad/parser()@resource://gre/modules/addons/AddonUpdateChecker.jsm:656 < UpdateParser.prototype.onLoad()@resource://gre/modules/addons/AddonUpdateChecker.jsm:676 < UpdateParser/<()@resource://gre/modules/addons/AddonUpdateChecker.jsm:594
1532512749185	addons.update-checker	WARN	onUpdateCheckComplete failed to parse update manifest: [Exception... "Update manifest is missing a required addons property."  nsresult: "0x80004005 (NS_ERROR_FAILURE)"  location: "JS frame :: resource://gre/modules/addons/AddonUpdateChecker.jsm :: getRequiredProperty :: line 474"  data: no] Stack trace: getRequiredProperty()@resource://gre/modules/addons/AddonUpdateChecker.jsm:474 < parseJSONManifest()@resource://gre/modules/addons/AddonUpdateChecker.jsm:484 < UpdateParser.prototype.onLoad/parser()@resource://gre/modules/addons/AddonUpdateChecker.jsm:656 < UpdateParser.prototype.onLoad()@resource://gre/modules/addons/AddonUpdateChecker.jsm:676 < UpdateParser/<()@resource://gre/modules/addons/AddonUpdateChecker.jsm:594
1532512749197	addons.update-checker	WARN	onUpdateCheckComplete failed to parse update manifest: [Exception... "Update manifest is missing a required addons property."  nsresult: "0x80004005 (NS_ERROR_FAILURE)"  location: "JS frame :: resource://gre/modules/addons/AddonUpdateChecker.jsm :: getRequiredProperty :: line 474"  data: no] Stack trace: getRequiredProperty()@resource://gre/modules/addons/AddonUpdateChecker.jsm:474 < parseJSONManifest()@resource://gre/modules/addons/AddonUpdateChecker.jsm:484 < UpdateParser.prototype.onLoad/parser()@resource://gre/modules/addons/AddonUpdateChecker.jsm:656 < UpdateParser.prototype.onLoad()@resource://gre/modules/addons/AddonUpdateChecker.jsm:676 < UpdateParser/<()@resource://gre/modules/addons/AddonUpdateChecker.jsm:594
1532512749208	addons.update-checker	WARN	onUpdateCheckComplete failed to parse update manifest: [Exception... "Update manifest is missing a required addons property."  nsresult: "0x80004005 (NS_ERROR_FAILURE)"  location: "JS frame :: resource://gre/modules/addons/AddonUpdateChecker.jsm :: getRequiredProperty :: line 474"  data: no] Stack trace: getRequiredProperty()@resource://gre/modules/addons/AddonUpdateChecker.jsm:474 < parseJSONManifest()@resource://gre/modules/addons/AddonUpdateChecker.jsm:484 < UpdateParser.prototype.onLoad/parser()@resource://gre/modules/addons/AddonUpdateChecker.jsm:656 < UpdateParser.prototype.onLoad()@resource://gre/modules/addons/AddonUpdateChecker.jsm:676 < UpdateParser/<()@resource://gre/modules/addons/AddonUpdateChecker.jsm:594
1532512749778	addons.update-checker	WARN	onUpdateCheckComplete failed to parse update manifest: [Exception... "Update manifest is missing a required addons property."  nsresult: "0x80004005 (NS_ERROR_FAILURE)"  location: "JS frame :: resource://gre/modules/addons/AddonUpdateChecker.jsm :: getRequiredProperty :: line 474"  data: no] Stack trace: getRequiredProperty()@resource://gre/modules/addons/AddonUpdateChecker.jsm:474 < parseJSONManifest()@resource://gre/modules/addons/AddonUpdateChecker.jsm:484 < UpdateParser.prototype.onLoad/parser()@resource://gre/modules/addons/AddonUpdateChecker.jsm:656 < UpdateParser.prototype.onLoad()@resource://gre/modules/addons/AddonUpdateChecker.jsm:676 < UpdateParser/<()@resource://gre/modules/addons/AddonUpdateChecker.jsm:594
WARN  2018-07-25 15:34:16 unity.iconloader IconLoader.cpp:756 Unable to load icon file:/// at size -1x22: Can't open directory

(firefox:2318): GLib-GObject-CRITICAL **: g_object_unref: assertion 'G_IS_OBJECT (object)' failed

(firefox:2318): GLib-GObject-CRITICAL **: g_object_unref: assertion 'G_IS_OBJECT (object)' failed
WARN  2018-07-25 15:44:24 unity <unknown>:0 The application 'compiz' lost its connection to the display :0;
most likely the X server was shut down or you killed/destroyed
the application.

OpenGL vendor string:   X.Org
OpenGL renderer string: Gallium 0.4 on AMD RS880 (DRM 2.46.0 / 4.8.0-36-generic, LLVM 3.8.0)
OpenGL version string:  3.0 Mesa 12.0.6

Not software rendered:    [32;01myes[00m
Not blacklisted:          [32;01myes[00m
GLX fbconfig:             [32;01myes[00m
GLX texture from pixmap:  [32;01myes[00m
GL npot or rect textures: [32;01myes[00m
GL vertex program:        [32;01myes[00m
GL fragment program:      [32;01myes[00m
GL vertex buffer object:  [32;01myes[00m
GL framebuffer object:    [32;01myes[00m
GL version is 1.4+:       [32;01myes[00m

Unity 3D supported:       [32;01myes[00m
Using compiz profile 'ubuntu'
compizconfig - Info: Backend     : gsettings
compizconfig - Info: Integration : true
compizconfig - Info: Profile     : unity
compiz (core) - Info: Loading plugin: core
compiz (core) - Info: Starting plugin: core
compiz (core) - Info: Loading plugin: ccp
compiz (core) - Info: Starting plugin: ccp
compizconfig - Info: Backend     : gsettings
compizconfig - Info: Integration : true
compizconfig - Info: Profile     : unity
compiz (core) - Info: Loading plugin: composite
compiz (core) - Info: Starting plugin: composite
compiz (core) - Info: Loading plugin: opengl
compiz (core) - Info: Starting plugin: opengl
compiz (core) - Info: Loading plugin: vpswitch
compiz (core) - Info: Starting plugin: vpswitch
compiz (core) - Info: Loading plugin: compiztoolbox
compiz (core) - Info: Starting plugin: compiztoolbox
compiz (core) - Info: Loading plugin: commands
compiz (core) - Info: Starting plugin: commands
compiz (core) - Info: Loading plugin: move
compiz (core) - Info: Starting plugin: move
compiz (core) - Info: Loading plugin: wall
compiz (core) - Info: Starting plugin: wall
compiz (core) - Info: Loading plugin: place
compiz (core) - Info: Starting plugin: place
compiz (core) - Info: Loading plugin: mousepoll
compiz (core) - Info: Starting plugin: mousepoll
compiz (core) - Info: Loading plugin: regex
compiz (core) - Info: Starting plugin: regex
compiz (core) - Info: Loading plugin: copytex
compiz (core) - Info: Starting plugin: copytex
compiz (core) - Info: Loading plugin: imgpng
compiz (core) - Info: Starting plugin: imgpng
compiz (core) - Info: Loading plugin: snap
compiz (core) - Info: Starting plugin: snap
compiz (core) - Info: Loading plugin: resize
compiz (core) - Info: Starting plugin: resize
compiz (core) - Info: Loading plugin: grid
compiz (core) - Info: Starting plugin: grid
compiz (core) - Info: Loading plugin: session
compiz (core) - Info: Starting plugin: session
compiz (core) - Info: Loading plugin: animation
compiz (core) - Info: Starting plugin: animation
compiz (core) - Info: Loading plugin: expo
compiz (core) - Info: Starting plugin: expo
compiz (core) - Info: Loading plugin: unitymtgrabhandles
compiz (core) - Info: Starting plugin: unitymtgrabhandles
compiz (core) - Info: Loading plugin: workarounds
compiz (core) - Info: Starting plugin: workarounds
compiz (core) - Info: Loading plugin: fade
compiz (core) - Info: Starting plugin: fade
compiz (core) - Info: Loading plugin: scale
compiz (core) - Info: Starting plugin: scale
compiz (core) - Info: Loading plugin: ezoom
compiz (core) - Info: Starting plugin: ezoom
compiz (core) - Info: Loading plugin: unityshell
compiz (core) - Info: Starting plugin: unityshell
WARN  2018-07-25 15:46:14 unity.glib.dbus.server GLibDBusServer.cpp:593 Can't register object 'org.gnome.Shell' yet as we don't have a connection, waiting for it...
WARN  2018-07-25 15:46:14 unity.debug.interface DebugDBusInterface.cpp:217 Unable to load entry point in libxpathselect: libxpathselect.so.1.4: cannot open shared object file: No such file or directory -- full D-Bus introspection will not be available
WARN  2018-07-25 15:46:14 xim.controller XIMController.cpp:103 IBus natively supported.
WARN  2018-07-25 15:46:14 unity.dash.gsettingsscopereader GSettingsScopes.cpp:108 Error fetching protocol metadata for scope: social.scope : Valid key file could not be found in search dirs
WARN  2018-07-25 15:46:14 unity.glib.dbus.server GLibDBusServer.cpp:593 Can't register object 'com.canonical.Unity.Launcher' yet as we don't have a connection, waiting for it...
WARN  2018-07-25 15:46:14 unity.glib.dbus.server GLibDBusServer.cpp:593 Can't register object 'com.canonical.Unity.Dash' yet as we don't have a connection, waiting for it...
WARN  2018-07-25 15:46:14 unity.glib.dbus.server GLibDBusServer.cpp:593 Can't register object 'org.gnome.SessionManager.EndSessionDialog' yet as we don't have a connection, waiting for it...
WARN  2018-07-25 15:46:14 unity.glib.dbus.server GLibDBusServer.cpp:593 Can't register object 'com.canonical.Unity.Session' yet as we don't have a connection, waiting for it...
WARN  2018-07-25 15:46:14 unity.glib.dbus.server GLibDBusServer.cpp:593 Can't register object 'org.gnome.ScreenSaver' yet as we don't have a connection, waiting for it...
compiz (core) - Warn: Attempted to restack relative to 0x2200006 which is not a child of the root window or a window compiz owns
ERROR 2018-07-25 15:46:15 unity.glib.dbus.server GLibDBusServer.cpp:538 DBus name lost 'org.gnome.Shell'
ERROR 2018-07-25 15:46:15 unity.glib.dbus.server GLibDBusServer.cpp:538 DBus name lost 'com.canonical.Unity'
WARN  2018-07-25 15:46:15 unity.key.gnome.grabber GnomeKeyGrabber.cpp:108 Trying to grab a disabled action, we skip it
WARN  2018-07-25 15:46:15 unity.key.gnome.grabber GnomeKeyGrabber.cpp:108 Trying to grab a disabled action, we skip it
WARN  2018-07-25 15:46:15 unity.key.gnome.grabber GnomeKeyGrabber.cpp:108 Trying to grab a disabled action, we skip it
WARN  2018-07-25 15:46:15 unity.key.gnome.grabber GnomeKeyGrabber.cpp:108 Trying to grab a disabled action, we skip it
WARN  2018-07-25 15:46:15 unity.key.gnome.grabber GnomeKeyGrabber.cpp:108 Trying to grab a disabled action, we skip it
WARN  2018-07-25 15:46:15 unity.key.gnome.grabber GnomeKeyGrabber.cpp:108 Trying to grab a disabled action, we skip it
WARN  2018-07-25 15:46:15 unity.key.gnome.grabber GnomeKeyGrabber.cpp:108 Trying to grab a disabled action, we skip it
WARN  2018-07-25 15:46:15 unity.key.gnome.grabber GnomeKeyGrabber.cpp:108 Trying to grab a disabled action, we skip it
WARN  2018-07-25 15:46:15 unity.key.gnome.grabber GnomeKeyGrabber.cpp:108 Trying to grab a disabled action, we skip it
WARN  2018-07-25 15:46:15 unity.key.gnome.grabber GnomeKeyGrabber.cpp:108 Trying to grab a disabled action, we skip it
WARN  2018-07-25 15:46:27 unity.iconloader IconLoader.cpp:756 Unable to load icon file:/// at size -1x22: Can't open directory
1532514397450	addons.update-checker	WARN	onUpdateCheckComplete failed to parse update manifest: [Exception... "Update manifest is missing a required addons property."  nsresult: "0x80004005 (NS_ERROR_FAILURE)"  location: "JS frame :: resource://gre/modules/addons/AddonUpdateChecker.jsm :: getRequiredProperty :: line 474"  data: no] Stack trace: getRequiredProperty()@resource://gre/modules/addons/AddonUpdateChecker.jsm:474 < parseJSONManifest()@resource://gre/modules/addons/AddonUpdateChecker.jsm:484 < UpdateParser.prototype.onLoad/parser()@resource://gre/modules/addons/AddonUpdateChecker.jsm:656 < UpdateParser.prototype.onLoad()@resource://gre/modules/addons/AddonUpdateChecker.jsm:676 < UpdateParser/<()@resource://gre/modules/addons/AddonUpdateChecker.jsm:594
1532514397514	addons.update-checker	WARN	onUpdateCheckComplete failed to parse update manifest: [Exception... "Update manifest is missing a required addons property."  nsresult: "0x80004005 (NS_ERROR_FAILURE)"  location: "JS frame :: resource://gre/modules/addons/AddonUpdateChecker.jsm :: getRequiredProperty :: line 474"  data: no] Stack trace: getRequiredProperty()@resource://gre/modules/addons/AddonUpdateChecker.jsm:474 < parseJSONManifest()@resource://gre/modules/addons/AddonUpdateChecker.jsm:484 < UpdateParser.prototype.onLoad/parser()@resource://gre/modules/addons/AddonUpdateChecker.jsm:656 < UpdateParser.prototype.onLoad()@resource://gre/modules/addons/AddonUpdateChecker.jsm:676 < UpdateParser/<()@resource://gre/modules/addons/AddonUpdateChecker.jsm:594
1532514397529	addons.update-checker	WARN	onUpdateCheckComplete failed to parse update manifest: [Exception... "Update manifest is missing a required addons property."  nsresult: "0x80004005 (NS_ERROR_FAILURE)"  location: "JS frame :: resource://gre/modules/addons/AddonUpdateChecker.jsm :: getRequiredProperty :: line 474"  data: no] Stack trace: getRequiredProperty()@resource://gre/modules/addons/AddonUpdateChecker.jsm:474 < parseJSONManifest()@resource://gre/modules/addons/AddonUpdateChecker.jsm:484 < UpdateParser.prototype.onLoad/parser()@resource://gre/modules/addons/AddonUpdateChecker.jsm:656 < UpdateParser.prototype.onLoad()@resource://gre/modules/addons/AddonUpdateChecker.jsm:676 < UpdateParser/<()@resource://gre/modules/addons/AddonUpdateChecker.jsm:594
1532514397541	addons.update-checker	WARN	onUpdateCheckComplete failed to parse update manifest: [Exception... "Update manifest is missing a required addons property."  nsresult: "0x80004005 (NS_ERROR_FAILURE)"  location: "JS frame :: resource://gre/modules/addons/AddonUpdateChecker.jsm :: getRequiredProperty :: line 474"  data: no] Stack trace: getRequiredProperty()@resource://gre/modules/addons/AddonUpdateChecker.jsm:474 < parseJSONManifest()@resource://gre/modules/addons/AddonUpdateChecker.jsm:484 < UpdateParser.prototype.onLoad/parser()@resource://gre/modules/addons/AddonUpdateChecker.jsm:656 < UpdateParser.prototype.onLoad()@resource://gre/modules/addons/AddonUpdateChecker.jsm:676 < UpdateParser/<()@resource://gre/modules/addons/AddonUpdateChecker.jsm:594
1532514397552	addons.update-checker	WARN	onUpdateCheckComplete failed to parse update manifest: [Exception... "Update manifest is missing a required addons property."  nsresult: "0x80004005 (NS_ERROR_FAILURE)"  location: "JS frame :: resource://gre/modules/addons/AddonUpdateChecker.jsm :: getRequiredProperty :: line 474"  data: no] Stack trace: getRequiredProperty()@resource://gre/modules/addons/AddonUpdateChecker.jsm:474 < parseJSONManifest()@resource://gre/modules/addons/AddonUpdateChecker.jsm:484 < UpdateParser.prototype.onLoad/parser()@resource://gre/modules/addons/AddonUpdateChecker.jsm:656 < UpdateParser.prototype.onLoad()@resource://gre/modules/addons/AddonUpdateChecker.jsm:676 < UpdateParser/<()@resource://gre/modules/addons/AddonUpdateChecker.jsm:594
1532514398127	addons.update-checker	WARN	onUpdateCheckComplete failed to parse update manifest: [Exception... "Update manifest is missing a required addons property."  nsresult: "0x80004005 (NS_ERROR_FAILURE)"  location: "JS frame :: resource://gre/modules/addons/AddonUpdateChecker.jsm :: getRequiredProperty :: line 474"  data: no] Stack trace: getRequiredProperty()@resource://gre/modules/addons/AddonUpdateChecker.jsm:474 < parseJSONManifest()@resource://gre/modules/addons/AddonUpdateChecker.jsm:484 < UpdateParser.prototype.onLoad/parser()@resource://gre/modules/addons/AddonUpdateChecker.jsm:656 < UpdateParser.prototype.onLoad()@resource://gre/modules/addons/AddonUpdateChecker.jsm:676 < UpdateParser/<()@resource://gre/modules/addons/AddonUpdateChecker.jsm:594
